{"uid":"6a1a7add146a2f50","name":"Új cikk felvétele és törlése","fullName":"test.test_all_cases_v2.Test11ConduitFunction#test_delete_data","historyId":"c18648e87febbc8334a85ba1884065ee","time":{"start":1681259629797,"stop":1681259636463,"duration":6666},"status":"broken","statusMessage":"selenium.common.exceptions.TimeoutException: Message:","statusTrace":"self = <test_all_cases_v2.Test11ConduitFunction object at 0x7fe55d446620>\n\n    @allure.id('TC9. P+')\n    @allure.title('Új cikk felvétele és törlése')\n    def test_delete_data(self):\n        self.signin_rutin()\n    \n        self.use_new_article_btn()\n        new_article = self.new_article_dict()\n        self.create_new_article(new_article)\n    \n>       users_articles=self.sajat_cikkek()\n\ntest/test_all_cases_v2.py:496: \n_ _ _ _ _ _ _ _ _ _ _ _ _ _ _ _ _ _ _ _ _ _ _ _ _ _ _ _ _ _ _ _ _ _ _ _ _ _ _ _ \ntest/test_all_cases_v2.py:191: in sajat_cikkek\n    self.use_thisuser_btn()\ntest/test_all_cases_v2.py:186: in use_thisuser_btn\n    WebDriverWait(self.browser, 5).until(\n_ _ _ _ _ _ _ _ _ _ _ _ _ _ _ _ _ _ _ _ _ _ _ _ _ _ _ _ _ _ _ _ _ _ _ _ _ _ _ _ \n\nself = <selenium.webdriver.support.wait.WebDriverWait (session=\"1bf6a19336ec5684b29cd3a77753c3ce\")>\nmethod = <function presence_of_all_elements_located.<locals>._predicate at 0x7fe55d44e9e0>\nmessage = ''\n\n    def until(self, method, message: str = \"\"):\n        \"\"\"Calls the method provided with the driver as an argument until the \\\n        return value does not evaluate to ``False``.\n    \n        :param method: callable(WebDriver)\n        :param message: optional message for :exc:`TimeoutException`\n        :returns: the result of the last call to `method`\n        :raises: :exc:`selenium.common.exceptions.TimeoutException` if timeout occurs\n        \"\"\"\n        screen = None\n        stacktrace = None\n    \n        end_time = time.monotonic() + self._timeout\n        while True:\n            try:\n                value = method(self._driver)\n                if value:\n                    return value\n            except self._ignored_exceptions as exc:\n                screen = getattr(exc, \"screen\", None)\n                stacktrace = getattr(exc, \"stacktrace\", None)\n            time.sleep(self._poll)\n            if time.monotonic() > end_time:\n                break\n>       raise TimeoutException(message, screen, stacktrace)\nE       selenium.common.exceptions.TimeoutException: Message:\n\n/opt/hostedtoolcache/Python/3.10.11/x64/lib/python3.10/site-packages/selenium/webdriver/support/wait.py:95: TimeoutException","flaky":false,"newFailed":false,"newBroken":false,"newPassed":false,"retriesCount":0,"retriesStatusChange":false,"beforeStages":[{"name":"_xunit_setup_method_fixture_Test11ConduitFunction","time":{"start":1681259628615,"stop":1681259629797,"duration":1182},"status":"passed","steps":[],"attachments":[],"parameters":[],"stepsCount":0,"attachmentsCount":0,"shouldDisplayMessage":false,"hasContent":false}],"afterStages":[{"name":"_xunit_setup_method_fixture_Test11ConduitFunction::0","time":{"start":1681259636519,"stop":1681259636575,"duration":56},"status":"passed","steps":[],"attachments":[],"parameters":[],"stepsCount":0,"attachmentsCount":0,"shouldDisplayMessage":false,"hasContent":false}],"labels":[{"name":"as_id","value":"TC9. P+"},{"name":"parentSuite","value":"test"},{"name":"suite","value":"test_all_cases_v2"},{"name":"subSuite","value":"Test11ConduitFunction"},{"name":"host","value":"fv-az741-360"},{"name":"thread","value":"3070-MainThread"},{"name":"framework","value":"pytest"},{"name":"language","value":"cpython3"},{"name":"package","value":"test.test_all_cases_v2"},{"name":"resultFormat","value":"allure2"}],"parameters":[],"links":[],"hidden":false,"retry":false,"extra":{"severity":"normal","retries":[],"categories":[{"name":"Test defects","matchedStatuses":[],"flaky":false}],"tags":[]},"source":"6a1a7add146a2f50.json","parameterValues":[]}