{"uid":"d5016988071aff36","name":"test_sign_up_negativ_and_pozitiv","fullName":"test.test_as_pytest_sign_up_neg&poz.TestSingUp#test_sign_up_negativ_and_pozitiv","historyId":"2a4ee407bd26ab7f6ade317001ab5d94","time":{"start":1680162939987,"stop":1680162939987,"duration":0},"status":"broken","statusMessage":"selenium.common.exceptions.TimeoutException: Message: \nStacktrace:\n#0 0x5584ec434243 <unknown>\n#1 0x5584ec1f87a6 <unknown>\n#2 0x5584ec23564d <unknown>\n#3 0x5584ec235761 <unknown>\n#4 0x5584ec270da4 <unknown>\n#5 0x5584ec2560ad <unknown>\n#6 0x5584ec26e932 <unknown>\n#7 0x5584ec255e53 <unknown>\n#8 0x5584ec2289ea <unknown>\n#9 0x5584ec229b2e <unknown>\n#10 0x5584ec488d5e <unknown>\n#11 0x5584ec48ca80 <unknown>\n#12 0x5584ec46e8b0 <unknown>\n#13 0x5584ec48db63 <unknown>\n#14 0x5584ec45ff75 <unknown>\n#15 0x5584ec4b0998 <unknown>\n#16 0x5584ec4b0b27 <unknown>\n#17 0x5584ec4cbc23 <unknown>\n#18 0x7ff9bdebab43 <unknown>","statusTrace":"self = <test_as_pytest_sign_up_neg&poz.TestSingUp object at 0x7f19f9e03f10>\n\n    def setup_method(self):\n        service = Service(executable_path=ChromeDriverManager().install())\n        options = Options()\n        options.add_experimental_option(\"detach\", True)\n        options.add_argument('--headless')\n        options.add_argument('--no-sandbox')\n        options.add_argument('--disable-dev-shm-usage')\n        options.add_argument('window-position=-1000,0')\n        self.browser = webdriver.Chrome(service=service, options=options)\n        URL = \"http://localhost:1667/\"\n        self.browser.get(URL)\n        self.browser.maximize_window()\n    \n>       WebDriverWait(self.browser, 5).until(EC.presence_of_element_located((By.XPATH, '//a[@href=\"#/register\"]')))\n\ntest/test_as_pytest_sign_up_neg&poz.py:26: \n_ _ _ _ _ _ _ _ _ _ _ _ _ _ _ _ _ _ _ _ _ _ _ _ _ _ _ _ _ _ _ _ _ _ _ _ _ _ _ _ \n\nself = <selenium.webdriver.support.wait.WebDriverWait (session=\"08dd3fbebabdad80fe6b1d6eeb42beea\")>\nmethod = <function presence_of_element_located.<locals>._predicate at 0x7f19fa182560>\nmessage = ''\n\n    def until(self, method, message: str = \"\"):\n        \"\"\"Calls the method provided with the driver as an argument until the \\\n        return value does not evaluate to ``False``.\n    \n        :param method: callable(WebDriver)\n        :param message: optional message for :exc:`TimeoutException`\n        :returns: the result of the last call to `method`\n        :raises: :exc:`selenium.common.exceptions.TimeoutException` if timeout occurs\n        \"\"\"\n        screen = None\n        stacktrace = None\n    \n        end_time = time.monotonic() + self._timeout\n        while True:\n            try:\n                value = method(self._driver)\n                if value:\n                    return value\n            except self._ignored_exceptions as exc:\n                screen = getattr(exc, \"screen\", None)\n                stacktrace = getattr(exc, \"stacktrace\", None)\n            time.sleep(self._poll)\n            if time.monotonic() > end_time:\n                break\n>       raise TimeoutException(message, screen, stacktrace)\nE       selenium.common.exceptions.TimeoutException: Message: \nE       Stacktrace:\nE       #0 0x5584ec434243 <unknown>\nE       #1 0x5584ec1f87a6 <unknown>\nE       #2 0x5584ec23564d <unknown>\nE       #3 0x5584ec235761 <unknown>\nE       #4 0x5584ec270da4 <unknown>\nE       #5 0x5584ec2560ad <unknown>\nE       #6 0x5584ec26e932 <unknown>\nE       #7 0x5584ec255e53 <unknown>\nE       #8 0x5584ec2289ea <unknown>\nE       #9 0x5584ec229b2e <unknown>\nE       #10 0x5584ec488d5e <unknown>\nE       #11 0x5584ec48ca80 <unknown>\nE       #12 0x5584ec46e8b0 <unknown>\nE       #13 0x5584ec48db63 <unknown>\nE       #14 0x5584ec45ff75 <unknown>\nE       #15 0x5584ec4b0998 <unknown>\nE       #16 0x5584ec4b0b27 <unknown>\nE       #17 0x5584ec4cbc23 <unknown>\nE       #18 0x7ff9bdebab43 <unknown>\n\n/opt/hostedtoolcache/Python/3.10.10/x64/lib/python3.10/site-packages/selenium/webdriver/support/wait.py:95: TimeoutException","flaky":false,"newFailed":false,"newBroken":false,"newPassed":false,"retriesCount":0,"retriesStatusChange":false,"beforeStages":[{"name":"_xunit_setup_method_fixture_TestSingUp","time":{"start":1680162939989,"stop":1680162947696,"duration":7707},"status":"broken","statusMessage":"selenium.common.exceptions.TimeoutException: Message: \nStacktrace:\n#0 0x5584ec434243 <unknown>\n#1 0x5584ec1f87a6 <unknown>\n#2 0x5584ec23564d <unknown>\n#3 0x5584ec235761 <unknown>\n#4 0x5584ec270da4 <unknown>\n#5 0x5584ec2560ad <unknown>\n#6 0x5584ec26e932 <unknown>\n#7 0x5584ec255e53 <unknown>\n#8 0x5584ec2289ea <unknown>\n#9 0x5584ec229b2e <unknown>\n#10 0x5584ec488d5e <unknown>\n#11 0x5584ec48ca80 <unknown>\n#12 0x5584ec46e8b0 <unknown>\n#13 0x5584ec48db63 <unknown>\n#14 0x5584ec45ff75 <unknown>\n#15 0x5584ec4b0998 <unknown>\n#16 0x5584ec4b0b27 <unknown>\n#17 0x5584ec4cbc23 <unknown>\n#18 0x7ff9bdebab43 <unknown>\n\n","statusTrace":"  File \"/opt/hostedtoolcache/Python/3.10.10/x64/lib/python3.10/site-packages/pluggy/_callers.py\", line 39, in _multicall\n    res = hook_impl.function(*args)\n  File \"/opt/hostedtoolcache/Python/3.10.10/x64/lib/python3.10/site-packages/_pytest/fixtures.py\", line 1129, in pytest_fixture_setup\n    result = call_fixture_func(fixturefunc, request, kwargs)\n  File \"/opt/hostedtoolcache/Python/3.10.10/x64/lib/python3.10/site-packages/_pytest/fixtures.py\", line 901, in call_fixture_func\n    fixture_result = next(generator)\n  File \"/opt/hostedtoolcache/Python/3.10.10/x64/lib/python3.10/site-packages/_pytest/python.py\", line 907, in xunit_setup_method_fixture\n    _call_with_optional_argument(func, method)\n  File \"/opt/hostedtoolcache/Python/3.10.10/x64/lib/python3.10/site-packages/_pytest/python.py\", line 788, in _call_with_optional_argument\n    func()\n  File \"/home/runner/work/conduit/conduit/test/test_as_pytest_sign_up_neg&poz.py\", line 26, in setup_method\n    WebDriverWait(self.browser, 5).until(EC.presence_of_element_located((By.XPATH, '//a[@href=\"#/register\"]')))\n  File \"/opt/hostedtoolcache/Python/3.10.10/x64/lib/python3.10/site-packages/selenium/webdriver/support/wait.py\", line 95, in until\n    raise TimeoutException(message, screen, stacktrace)\n","steps":[],"attachments":[],"parameters":[],"stepsCount":0,"attachmentsCount":0,"shouldDisplayMessage":true,"hasContent":true}],"testStage":{"status":"broken","statusMessage":"selenium.common.exceptions.TimeoutException: Message: \nStacktrace:\n#0 0x5584ec434243 <unknown>\n#1 0x5584ec1f87a6 <unknown>\n#2 0x5584ec23564d <unknown>\n#3 0x5584ec235761 <unknown>\n#4 0x5584ec270da4 <unknown>\n#5 0x5584ec2560ad <unknown>\n#6 0x5584ec26e932 <unknown>\n#7 0x5584ec255e53 <unknown>\n#8 0x5584ec2289ea <unknown>\n#9 0x5584ec229b2e <unknown>\n#10 0x5584ec488d5e <unknown>\n#11 0x5584ec48ca80 <unknown>\n#12 0x5584ec46e8b0 <unknown>\n#13 0x5584ec48db63 <unknown>\n#14 0x5584ec45ff75 <unknown>\n#15 0x5584ec4b0998 <unknown>\n#16 0x5584ec4b0b27 <unknown>\n#17 0x5584ec4cbc23 <unknown>\n#18 0x7ff9bdebab43 <unknown>","statusTrace":"self = <test_as_pytest_sign_up_neg&poz.TestSingUp object at 0x7f19f9e03f10>\n\n    def setup_method(self):\n        service = Service(executable_path=ChromeDriverManager().install())\n        options = Options()\n        options.add_experimental_option(\"detach\", True)\n        options.add_argument('--headless')\n        options.add_argument('--no-sandbox')\n        options.add_argument('--disable-dev-shm-usage')\n        options.add_argument('window-position=-1000,0')\n        self.browser = webdriver.Chrome(service=service, options=options)\n        URL = \"http://localhost:1667/\"\n        self.browser.get(URL)\n        self.browser.maximize_window()\n    \n>       WebDriverWait(self.browser, 5).until(EC.presence_of_element_located((By.XPATH, '//a[@href=\"#/register\"]')))\n\ntest/test_as_pytest_sign_up_neg&poz.py:26: \n_ _ _ _ _ _ _ _ _ _ _ _ _ _ _ _ _ _ _ _ _ _ _ _ _ _ _ _ _ _ _ _ _ _ _ _ _ _ _ _ \n\nself = <selenium.webdriver.support.wait.WebDriverWait (session=\"08dd3fbebabdad80fe6b1d6eeb42beea\")>\nmethod = <function presence_of_element_located.<locals>._predicate at 0x7f19fa182560>\nmessage = ''\n\n    def until(self, method, message: str = \"\"):\n        \"\"\"Calls the method provided with the driver as an argument until the \\\n        return value does not evaluate to ``False``.\n    \n        :param method: callable(WebDriver)\n        :param message: optional message for :exc:`TimeoutException`\n        :returns: the result of the last call to `method`\n        :raises: :exc:`selenium.common.exceptions.TimeoutException` if timeout occurs\n        \"\"\"\n        screen = None\n        stacktrace = None\n    \n        end_time = time.monotonic() + self._timeout\n        while True:\n            try:\n                value = method(self._driver)\n                if value:\n                    return value\n            except self._ignored_exceptions as exc:\n                screen = getattr(exc, \"screen\", None)\n                stacktrace = getattr(exc, \"stacktrace\", None)\n            time.sleep(self._poll)\n            if time.monotonic() > end_time:\n                break\n>       raise TimeoutException(message, screen, stacktrace)\nE       selenium.common.exceptions.TimeoutException: Message: \nE       Stacktrace:\nE       #0 0x5584ec434243 <unknown>\nE       #1 0x5584ec1f87a6 <unknown>\nE       #2 0x5584ec23564d <unknown>\nE       #3 0x5584ec235761 <unknown>\nE       #4 0x5584ec270da4 <unknown>\nE       #5 0x5584ec2560ad <unknown>\nE       #6 0x5584ec26e932 <unknown>\nE       #7 0x5584ec255e53 <unknown>\nE       #8 0x5584ec2289ea <unknown>\nE       #9 0x5584ec229b2e <unknown>\nE       #10 0x5584ec488d5e <unknown>\nE       #11 0x5584ec48ca80 <unknown>\nE       #12 0x5584ec46e8b0 <unknown>\nE       #13 0x5584ec48db63 <unknown>\nE       #14 0x5584ec45ff75 <unknown>\nE       #15 0x5584ec4b0998 <unknown>\nE       #16 0x5584ec4b0b27 <unknown>\nE       #17 0x5584ec4cbc23 <unknown>\nE       #18 0x7ff9bdebab43 <unknown>\n\n/opt/hostedtoolcache/Python/3.10.10/x64/lib/python3.10/site-packages/selenium/webdriver/support/wait.py:95: TimeoutException","steps":[],"attachments":[{"uid":"d16bf58cfd3a1b1f","name":"stderr","source":"d16bf58cfd3a1b1f.txt","type":"text/plain","size":159}],"parameters":[],"stepsCount":0,"attachmentsCount":1,"shouldDisplayMessage":true,"hasContent":true},"afterStages":[],"labels":[{"name":"parentSuite","value":"test"},{"name":"suite","value":"test_as_pytest_sign_up_neg&poz"},{"name":"subSuite","value":"TestSingUp"},{"name":"host","value":"fv-az577-321"},{"name":"thread","value":"3148-MainThread"},{"name":"framework","value":"pytest"},{"name":"language","value":"cpython3"},{"name":"package","value":"test.test_as_pytest_sign_up_neg&poz"},{"name":"resultFormat","value":"allure2"}],"parameters":[],"links":[],"hidden":false,"retry":false,"extra":{"severity":"normal","retries":[],"categories":[{"name":"Test defects","matchedStatuses":[],"flaky":false}],"tags":[]},"source":"d5016988071aff36.json","parameterValues":[]}